<?xml version="1.0" encoding="UTF-8" ?>
<testsuite tests="2" failures="0" name="runner.RunCucumberTest" time="2.31" errors="1" skipped="0">
  <properties>
    <property name="java.runtime.name" value="Java(TM) SE Runtime Environment"/>
    <property name="java.vm.version" value="18.0.2.1+1-1"/>
    <property name="sun.boot.library.path" value="C:\Program Files\Java\jdk-18.0.2.1\bin"/>
    <property name="maven.multiModuleProjectDirectory" value="C:\affordablehousing\APIFramework"/>
    <property name="java.vm.vendor" value="Oracle Corporation"/>
    <property name="java.vendor.url" value="https://java.oracle.com/"/>
    <property name="guice.disable.misplaced.annotation.check" value="true"/>
    <property name="path.separator" value=";"/>
    <property name="java.vm.name" value="Java HotSpot(TM) 64-Bit Server VM"/>
    <property name="sun.os.patch.level" value=""/>
    <property name="user.script" value=""/>
    <property name="user.country" value="IN"/>
    <property name="sun.java.launcher" value="SUN_STANDARD"/>
    <property name="java.vm.specification.name" value="Java Virtual Machine Specification"/>
    <property name="user.dir" value="C:\affordablehousing\APIFramework"/>
    <property name="java.vm.compressedOopsMode" value="Zero based"/>
    <property name="java.runtime.version" value="18.0.2.1+1-1"/>
    <property name="os.arch" value="amd64"/>
    <property name="java.io.tmpdir" value="C:\Users\hbs\AppData\Local\Temp\"/>
    <property name="line.separator" value="
"/>
    <property name="java.vm.specification.vendor" value="Oracle Corporation"/>
    <property name="user.variant" value=""/>
    <property name="os.name" value="Windows 11"/>
    <property name="classworlds.conf" value="C:\Program Files\Maven\apache-maven-3.8.8\bin\m2.conf"/>
    <property name="sun.jnu.encoding" value="Cp1252"/>
    <property name="java.library.path" value="C:\Program Files\Java\jdk-18.0.2.1\bin;C:\WINDOWS\Sun\Java\bin;C:\WINDOWS\system32;C:\WINDOWS;C:\python\Scripts\;C:\python\;C:\Program Files\Common Files\Oracle\Java\javapath;C:\Program Files (x86)\Common Files\Oracle\Java\java8path;C:\Program Files (x86)\Common Files\Oracle\Java\javapath;C:\python\Scripts\;C:\python\;C:\WINDOWS\system32;C:\WINDOWS;C:\WINDOWS\System32\Wbem;C:\WINDOWS\System32\WindowsPowerShell\v1.0\;C:\WINDOWS\System32\OpenSSH\;C:\Program Files\dotnet\;C:\Program Files\Git\cmd;C:\Program Files\nodejs\;C:\Program Files\Maven\apache-maven-3.8.8\bin;C:\Program Files (x86)\Microsoft SQL Server\160\DTS\Binn\;C:\tools\allure-2.29.0\bin;C:\Users\hbs\AppData\Local\Microsoft\WindowsApps;C:\Users\hbs\AppData\Local\Programs\Python\Python310;C:\Users\hbs\AppData\Local\Programs\Python\Python310\python.exe;C:\Users\hbs\AppData\Local\Programs\Python\Python310\Scripts;C:\Users\hbs\AppData\Local\Programs\Python\Python312\Scripts;C:\Users\hbs\AppData\Local\JetBrains\PyCharm Community Edition 2023.3.4\bin;;C:\Users\hbs\AppData\Roaming\npm;C:\Program Files\nodejs\;C:\Users\hbs\AppData\Local\Programs\Microsoft VS Code\bin;C:\Users\hbs\.dotnet\tools;."/>
    <property name="maven.conf" value="C:\Program Files\Maven\apache-maven-3.8.8/conf"/>
    <property name="jdk.debug" value="release"/>
    <property name="java.class.version" value="62.0"/>
    <property name="java.specification.name" value="Java Platform API Specification"/>
    <property name="sun.management.compiler" value="HotSpot 64-Bit Tiered Compilers"/>
    <property name="os.version" value="10.0"/>
    <property name="library.jansi.path" value="C:\Program Files\Maven\apache-maven-3.8.8\lib\jansi-native"/>
    <property name="user.home" value="C:\Users\hbs"/>
    <property name="user.timezone" value="Asia/Calcutta"/>
    <property name="file.encoding" value="UTF-8"/>
    <property name="java.specification.version" value="18"/>
    <property name="user.name" value="hbs"/>
    <property name="java.class.path" value="C:\Program Files\Maven\apache-maven-3.8.8\boot\plexus-classworlds-2.6.0.jar"/>
    <property name="java.vm.specification.version" value="18"/>
    <property name="sun.arch.data.model" value="64"/>
    <property name="sun.java.command" value="org.codehaus.plexus.classworlds.launcher.Launcher test"/>
    <property name="java.home" value="C:\Program Files\Java\jdk-18.0.2.1"/>
    <property name="user.language" value="en"/>
    <property name="java.specification.vendor" value="Oracle Corporation"/>
    <property name="java.vm.info" value="mixed mode, sharing"/>
    <property name="java.version" value="18.0.2.1"/>
    <property name="native.encoding" value="Cp1252"/>
    <property name="java.vendor" value="Oracle Corporation"/>
    <property name="sun.stderr.encoding" value="cp437"/>
    <property name="maven.home" value="C:\Program Files\Maven\apache-maven-3.8.8"/>
    <property name="file.separator" value="\"/>
    <property name="java.version.date" value="2022-08-18"/>
    <property name="java.vendor.url.bug" value="https://bugreport.java.com/bugreport/"/>
    <property name="sun.io.unicode.encoding" value="UnicodeLittle"/>
    <property name="sun.cpu.endian" value="little"/>
    <property name="sun.stdout.encoding" value="cp437"/>
    <property name="sun.cpu.isalist" value="amd64"/>
  </properties>
  <testcase classname="JSONPlaceholder API Testing" name="Get a user by ID" time="2.286"/>
  <testcase classname="JSONPlaceholder API Testing" name="Create a new post for a user" time="0.024">
    <error message="Can&apos;t convert DataTable to Map&lt;java.lang.String, java.lang.String&gt;.
There is more then one value per key. Did you mean to transform to Map&lt;java.lang.String, List&lt;java.lang.String&gt;&gt; instead?" type="io.cucumber.datatable.CucumberDataTableException">io.cucumber.datatable.CucumberDataTableException: Can&apos;t convert DataTable to Map&lt;java.lang.String, java.lang.String&gt;.
There is more then one value per key. Did you mean to transform to Map&lt;java.lang.String, List&lt;java.lang.String&gt;&gt; instead?
	at io.cucumber.datatable.CucumberDataTableException.cantConvertToMap(CucumberDataTableException.java:27)
	at io.cucumber.datatable.CucumberDataTableException.keyValueMismatchException(CucumberDataTableException.java:47)
	at io.cucumber.datatable.DataTableTypeRegistryTableConverter.toMap(DataTableTypeRegistryTableConverter.java:282)
	at io.cucumber.datatable.DataTable.asMap(DataTable.java:278)
	at steps.ApiSteps.createJsonFromDataTable(ApiSteps.java:63)
	at steps.ApiSteps.iSendAPOSTRequestToWithBody(ApiSteps.java:33)
	at ✽.I send a POST request to &quot;/posts&quot; with body:(file:///C:/affordablehousing/APIFramework/src/test/resources/features/user_api.feature:9)
</error>
    <system-out>
Scenario: Create a new post for a user               # src/test/resources/features/user_api.feature:8
  Given I send a POST request to &quot;/posts&quot; with body: # steps.ApiSteps.iSendAPOSTRequestToWithBody(java.lang.String,io.cucumber.datatable.DataTable)
    | title | body                 | userId |
    | Test  | This is a test post. | 1      |
      io.cucumber.datatable.CucumberDataTableException: Can&apos;t convert DataTable to Map&lt;java.lang.String, java.lang.String&gt;.
There is more then one value per key. Did you mean to transform to Map&lt;java.lang.String, List&lt;java.lang.String&gt;&gt; instead?
	at io.cucumber.datatable.CucumberDataTableException.cantConvertToMap(CucumberDataTableException.java:27)
	at io.cucumber.datatable.CucumberDataTableException.keyValueMismatchException(CucumberDataTableException.java:47)
	at io.cucumber.datatable.DataTableTypeRegistryTableConverter.toMap(DataTableTypeRegistryTableConverter.java:282)
	at io.cucumber.datatable.DataTable.asMap(DataTable.java:278)
	at steps.ApiSteps.createJsonFromDataTable(ApiSteps.java:63)
	at steps.ApiSteps.iSendAPOSTRequestToWithBody(ApiSteps.java:33)
	at ✽.I send a POST request to &quot;/posts&quot; with body:(file:///C:/affordablehousing/APIFramework/src/test/resources/features/user_api.feature:9)

  Then the response status should be 201             # steps.ApiSteps.theResponseStatusShouldBe(int)
  And the response should contain the title &quot;Test&quot;   # steps.ApiSteps.theResponseShouldContainTheTitle(java.lang.String)
</system-out>
  </testcase>
</testsuite>